[19:56:49] [main/INFO] [Far Log]: chunk_01.png
[19:56:49] [main/INFO] [Far Log]: zoom_02.png
[20:54:11] [main/INFO] [Far Log]: l_chunk_01.png
[20:54:11] [main/INFO] [Far Log]: l_zoom_02.png
[20:54:11] [main/INFO] [Far Log]: l_chunk_edge_03.png
[20:59:13] [main/INFO] [Far Log]: l_chunk_edge_03.png
[21:01:03] [main/INFO] [Far Log]: l_chunk_01.png
[21:01:03] [main/INFO] [Far Log]: l_zoom_02.png
[21:01:03] [main/INFO] [Far Log]: l_chunk_edge_03.png
[21:09:47] [main/INFO] [Far Log]: l_chunk_01.png
[21:09:47] [main/INFO] [Far Log]: l_zoom_02.png
[21:09:48] [main/INFO] [Far Log]: l_smooth_03.png
[21:09:48] [main/INFO] [Far Log]: l_chunk_edge_04.png
[21:16:15] [main/INFO] [Far Log]: l_chunk_edge_04.png
[21:18:36] [main/INFO] [Far Log]: l_chunk_edge_04.png
[21:20:30] [main/INFO] [Far Log]: l_chunk_edge_04.png
[21:23:31] [main/INFO] [Far Log]: l_01_chunk.png
[21:23:32] [main/INFO] [Far Log]: l_02_zoom.png
[21:23:32] [main/INFO] [Far Log]: l_03_smooth.png
[21:23:32] [main/INFO] [Far Log]: l_04_chunk_edge.png
[21:23:32] [main/INFO] [Far Log]: l_05_link.png
[21:28:15] [main/INFO] [Far Log]: l_04_chunk_edge.png
[21:28:15] [main/INFO] [Far Log]: l_05_link.png
[21:35:21] [main/INFO] [Far Log]: l_01_chunk.png
[21:35:21] [main/INFO] [Far Log]: l_02_zoom.png
[21:35:22] [main/INFO] [Far Log]: l_03_smooth.png
[21:35:22] [main/INFO] [Far Log]: l_04_chunk_edge.png
[21:35:22] [main/INFO] [Far Log]: l_05_link.png
[21:49:44] [main/INFO] [Far Log]: l_04_chunk_edge.png
[21:49:44] [main/INFO] [Far Log]: l_05_link.png
[21:49:56] [main/INFO] [Far Log]: l_04_chunk_edge.png
[21:49:56] [main/INFO] [Far Log]: l_05_link.png
[21:51:59] [main/INFO] [Far Log]: l_05_zoom.png
[21:53:17] [main/INFO] [Far Log]: l_01_chunk.png
[21:53:17] [main/INFO] [Far Log]: l_02_zoom.png
[21:53:17] [main/INFO] [Far Log]: l_03_smooth.png
[21:53:17] [main/INFO] [Far Log]: l_04_chunk_edge.png
[21:53:17] [main/INFO] [Far Log]: l_05_zoom.png
[21:56:26] [main/INFO] [Far Log]: l_04_chunk_edge.png
[21:56:26] [main/INFO] [Far Log]: l_05_zoom.png
[22:06:19] [main/INFO] [Far Log]: l_04_chunk_edge.png
[22:06:20] [main/INFO] [Far Log]: l_05_zoom.png
[22:07:49] [main/INFO] [Far Log]: l_04_chunk_edge.png
[22:28:16] [main/INFO] [Far Log]: l_01_chunk.png
[22:28:16] [main/INFO] [Far Log]: l_02_zoom.png
[22:28:17] [main/INFO] [Far Log]: l_03_smooth.png
[22:28:17] [main/INFO] [Far Log]: l_04_chunk_edge.png
[22:28:17] [main/INFO] [Far Log]: l_05_zoom.png
[22:29:13] [main/INFO] [Far Log]: l_04_chunk_edge.png
[22:29:13] [main/INFO] [Far Log]: l_05_zoom.png
[22:30:19] [main/INFO] [Far Log]: l_01_chunk.png
[22:30:19] [main/INFO] [Far Log]: l_02_zoom.png
[22:30:19] [main/INFO] [Far Log]: l_03_smooth.png
[22:30:19] [main/INFO] [Far Log]: l_04_chunk_edge.png
[22:30:19] [main/INFO] [Far Log]: l_05_zoom.png
[22:31:59] [main/INFO] [Far Log]: l_04_chunk_edge.png
[22:31:59] [main/INFO] [Far Log]: l_05_zoom.png
[22:41:57] [main/INFO] [Far Log]: l_01_chunk.png
[22:41:58] [main/INFO] [Far Log]: l_02_zoom.png
[22:41:58] [main/INFO] [Far Log]: l_03_smooth.png
[22:41:58] [main/INFO] [Far Log]: l_04_chunk_edge.png
[22:41:58] [main/INFO] [Far Log]: l_05_zoom.png
[22:43:18] [main/INFO] [Far Log]: l_04_chunk_edge.png
[22:44:02] [main/INFO] [Far Log]: l_04_chunk_edge.png
[22:44:02] [main/INFO] [Far Log]: l_05_zoom.png
[22:46:46] [main/INFO] [Far Log]: l_04_chunk_edge.png
[22:46:46] [main/INFO] [Far Log]: l_05_zoom.png
[22:51:53] [main/INFO] [Far Log]: l_04_chunk_edge.png
[22:51:54] [main/INFO] [Far Log]: l_05_zoom.png
[22:53:26] [main/INFO] [Far Log]: l_04_chunk_edge.png
[14:16:57] [main/INFO] [Far Log]: l_01_chunk.png
[14:16:57] [main/INFO] [Far Log]: l_02_zoom.png
[14:16:57] [main/INFO] [Far Log]: l_03_smooth.png
[14:16:57] [main/INFO] [Far Log]: l_04_chunk_edge.png
[14:16:58] [main/INFO] [Far Log]: l_05_zoom.png
[14:18:40] [main/INFO] [Far Log]: l_04_chunk_edge.png
[14:19:47] [main/INFO] [Far Log]: l_04_chunk_edge.png
[14:21:53] [main/INFO] [Far Log]: l_04_chunk_edge.png
[14:24:25] [main/INFO] [Far Log]: l_04_chunk_edge.png
[14:25:08] [main/INFO] [Far Log]: l_04_chunk_edge.png
[14:26:23] [main/INFO] [Far Log]: l_01_chunk.png
[14:26:23] [main/INFO] [Far Log]: l_02_zoom.png
[14:26:23] [main/INFO] [Far Log]: l_03_smooth.png
[14:26:24] [main/INFO] [Far Log]: l_04_chunk_edge.png
[14:26:24] [main/INFO] [Far Log]: l_05_zoom.png
[14:28:30] [main/INFO] [Far Log]: l_01_chunk.png
[14:28:30] [main/INFO] [Far Log]: l_02_zoom.png
[14:28:31] [main/INFO] [Far Log]: l_03_smooth.png
[14:28:31] [main/INFO] [Far Log]: l_04_chunk_edge.png
[14:28:31] [main/INFO] [Far Log]: l_05_zoom.png
[14:30:13] [main/INFO] [Far Log]: l_04_chunk_edge.png
[14:31:21] [main/INFO] [Far Log]: l_04_chunk_edge.png
[14:32:06] [main/INFO] [Far Log]: l_04_chunk_edge.png
[14:33:50] [main/INFO] [Far Log]: l_01_chunk.png
[14:33:51] [main/INFO] [Far Log]: l_02_zoom.png
[14:33:51] [main/INFO] [Far Log]: l_03_smooth.png
[14:33:51] [main/INFO] [Far Log]: l_04_chunk_edge.png
[14:33:51] [main/INFO] [Far Log]: l_05_zoom.png
[14:36:17] [main/INFO] [Far Log]: l_04_chunk_edge.png
[14:36:49] [main/INFO] [Far Log]: l_04_chunk_edge.png
[14:38:56] [main/INFO] [Far Log]: l_04_chunk_edge.png
[14:42:22] [main/INFO] [Far Log]: l_04_chunk_edge.png
[14:43:18] [main/INFO] [Far Log]: l_04_chunk_edge.png
[14:47:52] [main/INFO] [Far Log]: l_04_chunk_edge.png
[14:53:20] [main/INFO] [Far Log]: l_04_chunk_edge.png
[15:13:30] [main/INFO] [Far Log]: l_04_chunk_edge.png
[15:14:04] [main/INFO] [Far Log]: l_04_chunk_edge.png
[15:14:30] [main/INFO] [Far Log]: l_04_chunk_edge.png
[15:14:59] [main/INFO] [Far Log]: l_04_chunk_edge.png
[15:16:25] [main/INFO] [Far Log]: l_04_chunk_edge.png
[15:54:26] [main/INFO] [Far Log]: l_04_chunk_edge.png
[15:55:13] [main/INFO] [Far Log]: l_04_chunk_edge.png
[15:56:34] [main/INFO] [Far Log]: l_04_chunk_edge.png
[15:58:06] [main/INFO] [Far Log]: l_04_chunk_edge.png
[15:58:50] [main/INFO] [Far Log]: l_04_chunk_edge.png
[17:34:38] [main/INFO] [Far Log]: l_04_chunk_edge.png
[17:35:36] [main/INFO] [Far Log]: l_05_zoom.png
[17:37:24] [main/INFO] [Far Log]: l_01_chunk.png
[17:37:25] [main/INFO] [Far Log]: l_02_zoom.png
[17:37:25] [main/INFO] [Far Log]: l_03_smooth.png
[17:37:25] [main/INFO] [Far Log]: l_04_chunk_edge.png
[17:37:25] [main/INFO] [Far Log]: l_05_zoom.png
[17:37:25] [main/INFO] [Far Log]: l_06_smooth.png
[17:54:41] [main/INFO] [Far Log]: l_10_wind.png
[17:55:39] [main/INFO] [Far Log]: l_10_wind.png
[17:56:43] [main/INFO] [Far Log]: l_10_wind.png
[17:57:18] [main/INFO] [Far Log]: l_10_wind.png
[17:58:12] [main/INFO] [Far Log]: l_10_wind.png
[17:59:25] [main/INFO] [Far Log]: l_10_wind.png
[18:00:02] [main/INFO] [Far Log]: l_10_wind.png
[18:04:09] [main/INFO] [Far Log]: l_10_wind.png
[18:05:20] [main/INFO] [Far Log]: l_10_wind.png
[18:05:42] [main/INFO] [Far Log]: l_10_wind.png
[18:06:13] [main/INFO] [Far Log]: l_10_wind.png
[18:06:52] [main/INFO] [Far Log]: l_10_wind.png
[18:07:32] [main/INFO] [Far Log]: l_10_wind.png
[18:08:43] [main/INFO] [Far Log]: l_10_wind.png
[18:09:21] [main/INFO] [Far Log]: l_10_wind.png
[18:19:59] [main/INFO] [Far Log]: l_01_chunk.png
[18:19:59] [main/INFO] [Far Log]: l_02_zoom.png
[18:20:00] [main/INFO] [Far Log]: l_03_smooth.png
[18:20:00] [main/INFO] [Far Log]: l_04_chunk_edge.png
[18:20:00] [main/INFO] [Far Log]: l_05_zoom.png
[18:20:00] [main/INFO] [Far Log]: l_06_smooth.png
[18:20:01] [main/INFO] [Far Log]: l_10_wind.png
[18:21:21] [main/INFO] [Far Log]: l_11_temp.png
[18:22:26] [main/INFO] [Far Log]: l_11_temp.png
[18:31:40] [main/INFO] [Far Log]: l_10_temp.png
[18:31:40] [main/INFO] [Far Log]: l_11_det.png
[18:32:56] [main/INFO] [Far Log]: l_11_det.png
[18:33:12] [main/INFO] [Far Log]: l_11_det.png
[18:33:59] [main/INFO] [Far Log]: l_11_det.png
[18:34:33] [main/INFO] [Far Log]: l_11_det.png
[18:35:24] [main/INFO] [Far Log]: l_11_det.png
[18:36:22] [main/INFO] [Far Log]: l_11_det.png
[18:36:50] [main/INFO] [Far Log]: l_11_det.png
[18:38:32] [main/INFO] [Far Log]: l_11_det.png
[18:58:35] [main/INFO] [Far Log]: l_10_height.png
[18:58:35] [main/INFO] [Far Log]: l_11_zoom.png
[19:30:46] [main/INFO] [Far Log]: l_12_terrain_base.png
[19:31:08] [main/INFO] [Far Log]: l_12_terrain_base.png
[19:32:16] [main/INFO] [Far Log]: l_12_terrain_base.png
[19:32:57] [main/INFO] [Far Log]: l_01_chunk.png
[19:32:58] [main/INFO] [Far Log]: l_02_zoom.png
[19:32:58] [main/INFO] [Far Log]: l_03_smooth.png
[19:32:58] [main/INFO] [Far Log]: l_04_chunk_edge.png
[19:32:58] [main/INFO] [Far Log]: l_05_zoom.png
[19:32:58] [main/INFO] [Far Log]: l_06_smooth.png
[19:32:59] [main/INFO] [Far Log]: l_10_height.png
[19:32:59] [main/INFO] [Far Log]: l_11_zoom.png
[19:32:59] [main/INFO] [Far Log]: l_12_terrain_base.png
[19:36:16] [main/INFO] [Far Log]: l_01_chunk.png
[19:36:16] [main/INFO] [Far Log]: l_02_zoom.png
[19:36:16] [main/INFO] [Far Log]: l_03_smooth.png
[19:36:17] [main/INFO] [Far Log]: l_04_chunk_edge.png
[19:36:17] [main/INFO] [Far Log]: l_05_zoom.png
[19:36:17] [main/INFO] [Far Log]: l_06_smooth.png
[19:36:17] [main/INFO] [Far Log]: l_10_height.png
[19:36:17] [main/INFO] [Far Log]: l_11_zoom.png
[19:36:17] [main/INFO] [Far Log]: l_12_terrain_base.png
[19:37:27] [main/INFO] [Far Log]: l_12_terrain_base.png
[19:37:27] [main/INFO] [Far Log]: l_13_smooth.png
[19:38:24] [main/INFO] [Far Log]: l_10_height.png
[19:38:24] [main/INFO] [Far Log]: l_11_zoom.png
[19:38:24] [main/INFO] [Far Log]: l_12_terrain_base.png
[19:38:25] [main/INFO] [Far Log]: l_13_smooth.png
[19:39:29] [main/INFO] [Far Log]: l_10_height.png
[19:39:29] [main/INFO] [Far Log]: l_11_zoom.png
[19:39:29] [main/INFO] [Far Log]: l_12_terrain_base.png
[19:39:29] [main/INFO] [Far Log]: l_13_smooth.png
[19:40:57] [main/INFO] [Far Log]: l_10_height.png
[19:40:57] [main/INFO] [Far Log]: l_11_terrain_base.png
[19:40:58] [main/INFO] [Far Log]: l_12_smooth.png
[19:41:17] [main/INFO] [Far Log]: l_10_height.png
[19:41:17] [main/INFO] [Far Log]: l_11_terrain_base.png
[19:41:17] [main/INFO] [Far Log]: l_12_smooth.png
[19:53:05] [main/INFO] [Far Log]: l_20_river_start.png
[19:53:05] [main/INFO] [Far Log]: l_21_add.png
[19:53:05] [main/INFO] [Far Log]: l_22_add.png
[19:53:06] [main/INFO] [Far Log]: l_23_add.png
[19:53:06] [main/INFO] [Far Log]: l_24_ring.png
[19:53:06] [main/INFO] [Far Log]: l_13_river_mix.png
[19:57:34] [main/INFO] [Far Log]: l_14_river_mix.png
[19:59:07] [main/INFO] [Far Log]: l_20_river_start.png
[19:59:08] [main/INFO] [Far Log]: l_21_add.png
[19:59:08] [main/INFO] [Far Log]: l_22_add.png
[19:59:08] [main/INFO] [Far Log]: l_23_ring.png
[19:59:09] [main/INFO] [Far Log]: l_14_river_mix.png
[20:00:04] [main/INFO] [Far Log]: l_20_river_start.png
[20:00:05] [main/INFO] [Far Log]: l_21_add.png
[20:00:05] [main/INFO] [Far Log]: l_22_add.png
[20:00:06] [main/INFO] [Far Log]: l_23_ring.png
[20:00:40] [main/INFO] [Far Log]: l_22_add.png
[20:00:40] [main/INFO] [Far Log]: l_23_ring.png
[20:01:11] [main/INFO] [Far Log]: l_23_ring.png
[20:01:51] [main/INFO] [Far Log]: l_22_add.png
[20:01:51] [main/INFO] [Far Log]: l_23_ring.png
[20:02:29] [main/INFO] [Far Log]: l_23_ring.png
[20:03:42] [main/INFO] [Far Log]: l_23_ring.png
[20:07:09] [main/INFO] [Far Log]: l_01_chunk.png
[20:07:09] [main/INFO] [Far Log]: l_02_zoom.png
[20:07:09] [main/INFO] [Far Log]: l_03_smooth.png
[20:07:09] [main/INFO] [Far Log]: l_04_chunk_edge.png
[20:07:10] [main/INFO] [Far Log]: l_05_zoom.png
[20:07:10] [main/INFO] [Far Log]: l_10_height.png
[20:07:10] [main/INFO] [Far Log]: l_11_terrain_base.png
[20:07:10] [main/INFO] [Far Log]: l_12_smooth.png
[20:07:10] [main/INFO] [Far Log]: l_20_river_start.png
[20:07:10] [main/INFO] [Far Log]: l_21_add.png
[20:07:11] [main/INFO] [Far Log]: l_22_add.png
[20:07:11] [main/INFO] [Far Log]: l_23_ring.png
[20:07:11] [main/INFO] [Far Log]: l_14_river_mix.png
[20:07:11] [main/INFO] [Far Log]: l_15_zoom.png
[20:07:11] [main/INFO] [Far Log]: l_40_wrap.png
[20:07:11] [main/INFO] [Far Log]: l_41_voroni.png
[20:09:35] [main/INFO] [Far Log]: l_41_voroni.png
[22:29:13] [main/INFO] [Far Log]: l_01_chunk.png
[22:29:13] [main/INFO] [Far Log]: l_02_zoom.png
[22:29:13] [main/INFO] [Far Log]: l_03_smooth.png
[22:29:13] [main/INFO] [Far Log]: l_04_chunk_edge.png
[22:29:13] [main/INFO] [Far Log]: l_05_zoom.png
[22:29:13] [main/INFO] [Far Log]: l_10_height.png
[22:29:14] [main/INFO] [Far Log]: l_11_terrain_base.png
[22:29:14] [main/INFO] [Far Log]: l_12_smooth.png
[22:29:14] [main/INFO] [Far Log]: l_20_river_start.png
[22:29:14] [main/INFO] [Far Log]: l_21_add.png
[22:29:14] [main/INFO] [Far Log]: l_22_add.png
[22:29:14] [main/INFO] [Far Log]: l_23_ring.png
[22:29:14] [main/INFO] [Far Log]: l_14_river_mix.png
[22:29:15] [main/INFO] [Far Log]: l_15_zoom.png
[22:29:15] [main/INFO] [Far Log]: l_40_wrap.png
[22:29:15] [main/INFO] [Far Log]: l_41_voroni.png
